TN:
SF:src\app.service.ts
FN:5,(anonymous_1)
FNF:1
FNH:0
FNDA:0,(anonymous_1)
DA:1,0
DA:4,0
DA:6,0
LF:3
LH:0
BRF:0
BRH:0
end_of_record
TN:
SF:src\auth\auth.service.ts
FN:10,(anonymous_2)
FN:15,(anonymous_3)
FN:72,(anonymous_4)
FN:105,(anonymous_5)
FN:114,(anonymous_6)
FNF:5
FNH:5
FNDA:10,(anonymous_2)
FNDA:4,(anonymous_3)
FNDA:4,(anonymous_4)
FNDA:4,(anonymous_5)
FNDA:2,(anonymous_6)
DA:1,1
DA:2,1
DA:3,1
DA:4,1
DA:6,1
DA:9,1
DA:11,10
DA:12,10
DA:16,4
DA:20,4
DA:21,1
DA:24,3
DA:26,3
DA:27,3
DA:28,2
DA:37,2
DA:58,2
DA:60,2
DA:73,4
DA:81,4
DA:82,1
DA:85,3
DA:87,3
DA:88,1
DA:91,2
DA:93,2
DA:106,4
DA:111,4
DA:115,2
LF:29
LH:29
BRDA:20,0,0,1
BRDA:20,0,1,3
BRDA:27,1,0,2
BRDA:27,1,1,1
BRDA:27,2,0,3
BRDA:27,2,1,2
BRDA:66,3,0,2
BRDA:66,3,1,1
BRDA:67,4,0,2
BRDA:67,4,1,1
BRDA:81,5,0,1
BRDA:81,5,1,3
BRDA:87,6,0,1
BRDA:87,6,1,2
BRDA:99,7,0,2
BRDA:99,7,1,0
BRDA:100,8,0,2
BRDA:100,8,1,0
BRF:18
BRH:16
end_of_record
TN:
SF:src\categories\categories.service.ts
FN:7,(anonymous_2)
FN:9,(anonymous_3)
FN:37,(anonymous_4)
FN:50,(anonymous_5)
FN:56,(anonymous_6)
FN:79,(anonymous_7)
FN:102,(anonymous_8)
FN:117,(anonymous_9)
FNF:8
FNH:0
FNDA:0,(anonymous_2)
FNDA:0,(anonymous_3)
FNDA:0,(anonymous_4)
FNDA:0,(anonymous_5)
FNDA:0,(anonymous_6)
FNDA:0,(anonymous_7)
FNDA:0,(anonymous_8)
FNDA:0,(anonymous_9)
DA:1,0
DA:2,0
DA:6,0
DA:7,0
DA:10,0
DA:14,0
DA:15,0
DA:18,0
DA:19,0
DA:22,0
DA:23,0
DA:27,0
DA:38,0
DA:51,0
DA:57,0
DA:72,0
DA:73,0
DA:76,0
DA:80,0
DA:95,0
DA:96,0
DA:99,0
DA:103,0
DA:107,0
DA:108,0
DA:111,0
DA:118,0
DA:126,0
DA:127,0
DA:130,0
DA:131,0
DA:134,0
DA:138,0
LF:33
LH:0
BRDA:14,0,0,0
BRDA:14,0,1,0
BRDA:18,1,0,0
BRDA:18,1,1,0
BRDA:22,2,0,0
BRDA:22,2,1,0
BRDA:72,3,0,0
BRDA:72,3,1,0
BRDA:95,4,0,0
BRDA:95,4,1,0
BRDA:107,5,0,0
BRDA:107,5,1,0
BRDA:126,6,0,0
BRDA:126,6,1,0
BRDA:130,7,0,0
BRDA:130,7,1,0
BRDA:130,8,0,0
BRDA:130,8,1,0
BRF:18
BRH:0
end_of_record
TN:
SF:src\companies\companies.service.ts
FN:8,(anonymous_2)
FN:10,(anonymous_3)
FN:61,(anonymous_4)
FN:88,(anonymous_5)
FN:114,(anonymous_6)
FN:127,(anonymous_7)
FN:145,(anonymous_8)
FNF:7
FNH:0
FNDA:0,(anonymous_2)
FNDA:0,(anonymous_3)
FNDA:0,(anonymous_4)
FNDA:0,(anonymous_5)
FNDA:0,(anonymous_6)
FNDA:0,(anonymous_7)
FNDA:0,(anonymous_8)
DA:1,0
DA:2,0
DA:4,0
DA:7,0
DA:8,0
DA:11,0
DA:15,0
DA:16,0
DA:19,0
DA:20,0
DA:23,0
DA:53,0
DA:58,0
DA:62,0
DA:81,0
DA:82,0
DA:85,0
DA:89,0
DA:94,0
DA:95,0
DA:98,0
DA:115,0
DA:120,0
DA:121,0
DA:124,0
DA:128,0
DA:132,0
DA:133,0
DA:136,0
DA:146,0
LF:30
LH:0
BRDA:15,0,0,0
BRDA:15,0,1,0
BRDA:19,1,0,0
BRDA:19,1,1,0
BRDA:81,2,0,0
BRDA:81,2,1,0
BRDA:94,3,0,0
BRDA:94,3,1,0
BRDA:94,4,0,0
BRDA:94,4,1,0
BRDA:120,5,0,0
BRDA:120,5,1,0
BRDA:120,6,0,0
BRDA:120,6,1,0
BRDA:132,7,0,0
BRDA:132,7,1,0
BRDA:140,8,0,0
BRDA:140,8,1,0
BRF:18
BRH:0
end_of_record
TN:
SF:src\freight\freight.service.ts
FN:105,(anonymous_2)
FN:107,(anonymous_3)
FN:111,(anonymous_4)
FN:113,(anonymous_5)
FN:116,(anonymous_6)
FN:164,(anonymous_7)
FN:177,(anonymous_8)
FN:227,(anonymous_9)
FN:244,(anonymous_10)
FNF:9
FNH:0
FNDA:0,(anonymous_2)
FNDA:0,(anonymous_3)
FNDA:0,(anonymous_4)
FNDA:0,(anonymous_5)
FNDA:0,(anonymous_6)
FNDA:0,(anonymous_7)
FNDA:0,(anonymous_8)
FNDA:0,(anonymous_9)
FNDA:0,(anonymous_10)
DA:1,0
DA:2,0
DA:3,0
DA:6,0
DA:7,0
DA:47,0
DA:54,0
DA:105,0
DA:108,0
DA:112,0
DA:113,0
DA:115,0
DA:116,0
DA:119,0
DA:120,0
DA:123,0
DA:124,0
DA:126,0
DA:127,0
DA:128,0
DA:131,0
DA:132,0
DA:134,0
DA:138,0
DA:140,0
DA:165,0
DA:166,0
DA:168,0
DA:169,0
DA:171,0
DA:172,0
DA:174,0
DA:178,0
DA:183,0
DA:184,0
DA:187,0
DA:191,0
DA:192,0
DA:195,0
DA:196,0
DA:199,0
DA:215,0
DA:216,0
DA:224,0
DA:228,0
DA:245,0
DA:249,0
DA:250,0
DA:253,0
DA:254,0
DA:257,0
DA:264,0
LF:52
LH:0
BRDA:119,0,0,0
BRDA:119,0,1,0
BRDA:119,1,0,0
BRDA:119,1,1,0
BRDA:127,2,0,0
BRDA:127,2,1,0
BRDA:127,3,0,0
BRDA:127,3,1,0
BRDA:131,4,0,0
BRDA:131,4,1,0
BRDA:153,5,0,0
BRDA:153,5,1,0
BRDA:158,6,0,0
BRDA:158,6,1,0
BRDA:165,7,0,0
BRDA:165,7,1,0
BRDA:168,8,0,0
BRDA:168,8,1,0
BRDA:168,9,0,0
BRDA:168,9,1,0
BRDA:171,10,0,0
BRDA:171,10,1,0
BRDA:171,11,0,0
BRDA:171,11,1,0
BRDA:183,12,0,0
BRDA:183,12,1,0
BRDA:183,13,0,0
BRDA:183,13,1,0
BRDA:191,14,0,0
BRDA:191,14,1,0
BRDA:195,15,0,0
BRDA:195,15,1,0
BRDA:249,16,0,0
BRDA:249,16,1,0
BRDA:253,17,0,0
BRDA:253,17,1,0
BRF:36
BRH:0
end_of_record
TN:
SF:src\maintenance\maintenance.service.ts
FN:13,(anonymous_2)
FN:15,(anonymous_3)
FN:38,(anonymous_4)
FN:45,(anonymous_5)
FN:66,(anonymous_6)
FN:91,(anonymous_7)
FN:98,(anonymous_8)
FN:119,(anonymous_9)
FN:164,(anonymous_10)
FN:174,(anonymous_11)
FN:238,(anonymous_12)
FN:254,(anonymous_13)
FN:277,(anonymous_14)
FN:311,(anonymous_15)
FNF:14
FNH:0
FNDA:0,(anonymous_2)
FNDA:0,(anonymous_3)
FNDA:0,(anonymous_4)
FNDA:0,(anonymous_5)
FNDA:0,(anonymous_6)
FNDA:0,(anonymous_7)
FNDA:0,(anonymous_8)
FNDA:0,(anonymous_9)
FNDA:0,(anonymous_10)
FNDA:0,(anonymous_11)
FNDA:0,(anonymous_12)
FNDA:0,(anonymous_13)
FNDA:0,(anonymous_14)
FNDA:0,(anonymous_15)
DA:1,0
DA:2,0
DA:12,0
DA:13,0
DA:16,0
DA:20,0
DA:21,0
DA:24,0
DA:25,0
DA:28,0
DA:39,0
DA:46,0
DA:51,0
DA:52,0
DA:55,0
DA:56,0
DA:59,0
DA:63,0
DA:67,0
DA:71,0
DA:72,0
DA:75,0
DA:76,0
DA:79,0
DA:92,0
DA:99,0
DA:104,0
DA:105,0
DA:108,0
DA:109,0
DA:112,0
DA:116,0
DA:120,0
DA:124,0
DA:125,0
DA:128,0
DA:139,0
DA:140,0
DA:143,0
DA:165,0
DA:175,0
DA:179,0
DA:180,0
DA:183,0
DA:194,0
DA:195,0
DA:198,0
DA:199,0
DA:202,0
DA:203,0
DA:204,0
DA:206,0
DA:207,0
DA:210,0
DA:239,0
DA:255,0
DA:278,0
DA:282,0
DA:283,0
DA:286,0
DA:312,0
DA:316,0
DA:317,0
DA:320,0
DA:324,0
DA:325,0
DA:328,0
DA:329,0
DA:335,0
DA:336,0
DA:337,0
DA:339,0
DA:340,0
DA:341,0
DA:343,0
LF:75
LH:0
BRDA:20,0,0,0
BRDA:20,0,1,0
BRDA:24,1,0,0
BRDA:24,1,1,0
BRDA:51,2,0,0
BRDA:51,2,1,0
BRDA:55,3,0,0
BRDA:55,3,1,0
BRDA:71,4,0,0
BRDA:71,4,1,0
BRDA:75,5,0,0
BRDA:75,5,1,0
BRDA:104,6,0,0
BRDA:104,6,1,0
BRDA:108,7,0,0
BRDA:108,7,1,0
BRDA:124,8,0,0
BRDA:124,8,1,0
BRDA:139,9,0,0
BRDA:139,9,1,0
BRDA:139,10,0,0
BRDA:139,10,1,0
BRDA:179,11,0,0
BRDA:179,11,1,0
BRDA:194,12,0,0
BRDA:194,12,1,0
BRDA:198,13,0,0
BRDA:198,13,1,0
BRDA:198,14,0,0
BRDA:198,14,1,0
BRDA:206,15,0,0
BRDA:206,15,1,0
BRDA:217,16,0,0
BRDA:217,16,1,0
BRDA:282,17,0,0
BRDA:282,17,1,0
BRDA:316,18,0,0
BRDA:316,18,1,0
BRDA:324,19,0,0
BRDA:324,19,1,0
BRDA:328,20,0,0
BRDA:328,20,1,0
BRDA:328,21,0,0
BRDA:328,21,1,0
BRDA:349,22,0,0
BRDA:349,22,1,0
BRDA:350,23,0,0
BRDA:350,23,1,0
BRF:48
BRH:0
end_of_record
TN:
SF:src\messaging\messaging.service.ts
FN:7,(anonymous_2)
FN:9,(anonymous_3)
FN:83,(anonymous_4)
FN:151,(anonymous_5)
FN:193,(anonymous_6)
FN:246,(anonymous_7)
FNF:6
FNH:0
FNDA:0,(anonymous_2)
FNDA:0,(anonymous_3)
FNDA:0,(anonymous_4)
FNDA:0,(anonymous_5)
FNDA:0,(anonymous_6)
FNDA:0,(anonymous_7)
DA:1,0
DA:2,0
DA:6,0
DA:7,0
DA:10,0
DA:11,0
DA:14,0
DA:18,0
DA:19,0
DA:22,0
DA:23,0
DA:27,0
DA:28,0
DA:31,0
DA:39,0
DA:40,0
DA:44,0
DA:80,0
DA:84,0
DA:86,0
DA:93,0
DA:140,0
DA:152,0
DA:182,0
DA:183,0
DA:186,0
DA:187,0
DA:190,0
DA:194,0
DA:198,0
DA:199,0
DA:202,0
DA:203,0
DA:206,0
DA:226,0
DA:235,0
DA:247,0
DA:251,0
DA:252,0
DA:255,0
DA:256,0
DA:259,0
DA:283,0
LF:43
LH:0
BRDA:10,0,0,0
BRDA:10,0,1,0
BRDA:18,1,0,0
BRDA:18,1,1,0
BRDA:22,2,0,0
BRDA:22,2,1,0
BRDA:27,3,0,0
BRDA:27,3,1,0
BRDA:39,4,0,0
BRDA:39,4,1,0
BRDA:84,5,0,0
BRDA:84,6,0,0
BRDA:182,7,0,0
BRDA:182,7,1,0
BRDA:186,8,0,0
BRDA:186,8,1,0
BRDA:186,9,0,0
BRDA:186,9,1,0
BRDA:193,10,0,0
BRDA:193,11,0,0
BRDA:198,12,0,0
BRDA:198,12,1,0
BRDA:202,13,0,0
BRDA:202,13,1,0
BRDA:202,14,0,0
BRDA:202,14,1,0
BRDA:251,15,0,0
BRDA:251,15,1,0
BRDA:255,16,0,0
BRDA:255,16,1,0
BRDA:255,17,0,0
BRDA:255,17,1,0
BRF:32
BRH:0
end_of_record
TN:
SF:src\orders\orders.service.ts
FN:8,(anonymous_2)
FN:10,(anonymous_3)
FN:16,(anonymous_4)
FN:30,(anonymous_5)
FN:43,(anonymous_6)
FN:93,(anonymous_7)
FN:141,(anonymous_8)
FN:175,(anonymous_9)
FN:210,(anonymous_10)
FN:256,(anonymous_11)
FN:298,(anonymous_12)
FNF:11
FNH:0
FNDA:0,(anonymous_2)
FNDA:0,(anonymous_3)
FNDA:0,(anonymous_4)
FNDA:0,(anonymous_5)
FNDA:0,(anonymous_6)
FNDA:0,(anonymous_7)
FNDA:0,(anonymous_8)
FNDA:0,(anonymous_9)
FNDA:0,(anonymous_10)
FNDA:0,(anonymous_11)
FNDA:0,(anonymous_12)
DA:1,0
DA:2,0
DA:4,0
DA:7,0
DA:8,0
DA:11,0
DA:12,0
DA:13,0
DA:17,0
DA:22,0
DA:23,0
DA:26,0
DA:28,0
DA:30,0
DA:35,0
DA:36,0
DA:39,0
DA:40,0
DA:42,0
DA:43,0
DA:44,0
DA:46,0
DA:47,0
DA:49,0
DA:57,0
DA:90,0
DA:94,0
DA:96,0
DA:97,0
DA:98,0
DA:101,0
DA:130,0
DA:142,0
DA:168,0
DA:169,0
DA:172,0
DA:176,0
DA:178,0
DA:199,0
DA:211,0
DA:216,0
DA:217,0
DA:220,0
DA:222,0
DA:245,0
DA:257,0
DA:262,0
DA:263,0
DA:266,0
DA:271,0
DA:272,0
DA:274,0
DA:275,0
DA:278,0
DA:299,0
DA:303,0
DA:304,0
DA:307,0
DA:312,0
DA:313,0
DA:316,0
DA:318,0
LF:62
LH:0
BRDA:22,0,0,0
BRDA:22,0,1,0
BRDA:26,1,0,0
BRDA:26,1,1,0
BRDA:35,2,0,0
BRDA:35,2,1,0
BRDA:44,3,0,0
BRDA:44,3,1,0
BRDA:61,4,0,0
BRDA:61,4,1,0
BRDA:94,5,0,0
BRDA:94,6,0,0
BRDA:97,7,0,0
BRDA:97,7,1,0
BRDA:168,8,0,0
BRDA:168,8,1,0
BRDA:175,9,0,0
BRDA:175,10,0,0
BRDA:210,11,0,0
BRDA:210,12,0,0
BRDA:216,13,0,0
BRDA:216,13,1,0
BRDA:216,14,0,0
BRDA:216,14,1,0
BRDA:262,15,0,0
BRDA:262,15,1,0
BRDA:274,16,0,0
BRDA:274,16,1,0
BRDA:274,17,0,0
BRDA:274,17,1,0
BRDA:303,18,0,0
BRDA:303,18,1,0
BRDA:312,19,0,0
BRDA:312,19,1,0
BRF:34
BRH:0
end_of_record
TN:
SF:src\payments\payments.service.ts
FN:16,(anonymous_2)
FN:21,(anonymous_3)
FN:65,(anonymous_4)
FN:99,(anonymous_5)
FN:140,(anonymous_6)
FN:190,(anonymous_7)
FN:200,(anonymous_8)
FN:210,(anonymous_9)
FN:231,(anonymous_10)
FN:254,(anonymous_11)
FN:274,(anonymous_12)
FN:280,(anonymous_13)
FNF:12
FNH:11
FNDA:20,(anonymous_2)
FNDA:6,(anonymous_3)
FNDA:3,(anonymous_4)
FNDA:2,(anonymous_5)
FNDA:4,(anonymous_6)
FNDA:4,(anonymous_7)
FNDA:0,(anonymous_8)
FNDA:3,(anonymous_9)
FNDA:3,(anonymous_10)
FNDA:3,(anonymous_11)
FNDA:1,(anonymous_12)
FNDA:1,(anonymous_13)
DA:1,1
DA:2,1
DA:3,1
DA:6,1
DA:15,1
DA:17,20
DA:18,20
DA:22,6
DA:23,6
DA:25,6
DA:29,6
DA:30,1
DA:36,5
DA:37,3
DA:38,2
DA:39,2
DA:41,2
DA:42,1
DA:43,1
DA:46,3
DA:57,3
DA:66,3
DA:67,3
DA:68,1
DA:71,2
DA:91,2
DA:92,2
DA:93,0
DA:96,2
DA:100,2
DA:101,2
DA:102,1
DA:105,1
DA:107,1
DA:132,1
DA:133,1
DA:134,0
DA:137,1
DA:141,4
DA:142,4
DA:144,4
DA:147,4
DA:148,4
DA:149,4
DA:150,4
DA:152,0
DA:153,0
DA:154,0
DA:157,4
DA:158,1
DA:161,3
DA:165,3
DA:166,1
DA:169,2
DA:178,2
DA:183,2
DA:184,1
DA:187,2
DA:191,4
DA:192,4
DA:197,4
DA:201,0
DA:202,0
DA:207,0
DA:211,3
DA:216,3
DA:217,1
DA:220,2
DA:232,3
DA:236,3
DA:237,1
DA:240,2
DA:241,1
DA:244,1
DA:255,3
DA:256,2
DA:257,2
DA:259,2
DA:260,1
DA:262,1
DA:263,1
DA:264,1
DA:266,1
DA:267,1
DA:271,3
DA:275,1
DA:281,1
LF:87
LH:79
BRDA:29,0,0,1
BRDA:29,0,1,5
BRDA:36,1,0,3
BRDA:36,1,1,2
BRDA:67,2,0,1
BRDA:67,2,1,2
BRDA:67,3,0,3
BRDA:67,3,1,2
BRDA:92,4,0,0
BRDA:92,4,1,2
BRDA:93,5,0,0
BRDA:93,5,1,0
BRDA:101,6,0,1
BRDA:101,6,1,1
BRDA:101,7,0,2
BRDA:101,7,1,1
BRDA:133,8,0,0
BRDA:133,8,1,1
BRDA:134,9,0,0
BRDA:134,9,1,0
BRDA:147,10,0,4
BRDA:147,10,1,0
BRDA:157,11,0,1
BRDA:157,11,1,3
BRDA:165,12,0,1
BRDA:165,12,1,2
BRDA:183,13,0,1
BRDA:183,13,1,1
BRDA:216,14,0,1
BRDA:216,14,1,2
BRDA:236,15,0,1
BRDA:236,15,1,2
BRDA:240,16,0,1
BRDA:240,16,1,1
BRDA:255,17,0,2
BRDA:255,17,1,1
BRDA:259,18,0,1
BRDA:259,18,1,1
BRDA:262,19,0,1
BRDA:262,19,1,0
BRDA:266,20,0,1
BRDA:266,20,1,0
BRF:42
BRH:33
end_of_record
TN:
SF:src\prisma\prisma.service.ts
FN:6,(anonymous_1)
FN:10,(anonymous_2)
FNF:2
FNH:0
FNDA:0,(anonymous_1)
FNDA:0,(anonymous_2)
DA:1,3
DA:2,3
DA:5,3
DA:7,0
DA:11,0
LF:5
LH:3
BRF:0
BRH:0
end_of_record
TN:
SF:src\products\products.service.ts
FN:8,(anonymous_2)
FN:10,(anonymous_3)
FN:58,(anonymous_4)
FN:122,(anonymous_5)
FN:157,(anonymous_6)
FN:192,(anonymous_7)
FN:221,(anonymous_8)
FN:241,(anonymous_9)
FN:274,(anonymous_10)
FNF:9
FNH:9
FNDA:24,(anonymous_2)
FNDA:3,(anonymous_3)
FNDA:8,(anonymous_4)
FNDA:2,(anonymous_5)
FNDA:2,(anonymous_6)
FNDA:3,(anonymous_7)
FNDA:3,(anonymous_8)
FNDA:2,(anonymous_9)
FNDA:1,(anonymous_10)
DA:1,1
DA:2,1
DA:7,1
DA:8,24
DA:11,3
DA:16,3
DA:17,1
DA:20,2
DA:59,8
DA:61,8
DA:63,8
DA:64,1
DA:70,8
DA:71,1
DA:74,8
DA:75,1
DA:78,8
DA:79,1
DA:80,1
DA:81,1
DA:84,8
DA:85,1
DA:86,1
DA:87,1
DA:90,8
DA:111,8
DA:123,2
DA:150,2
DA:151,1
DA:154,1
DA:158,2
DA:185,2
DA:186,1
DA:189,1
DA:193,3
DA:197,3
DA:198,1
DA:201,2
DA:202,1
DA:205,1
DA:222,3
DA:226,3
DA:227,1
DA:230,2
DA:231,1
DA:234,1
DA:238,1
DA:242,2
DA:244,2
DA:263,2
DA:275,1
LF:51
LH:51
BRDA:16,0,0,1
BRDA:16,0,1,2
BRDA:16,1,0,3
BRDA:16,1,1,3
BRDA:29,2,0,2
BRDA:29,2,1,1
BRDA:30,3,0,2
BRDA:30,3,1,1
BRDA:31,4,0,2
BRDA:31,4,1,2
BRDA:32,5,0,2
BRDA:32,5,1,2
BRDA:59,6,0,6
BRDA:59,7,0,6
BRDA:63,8,0,1
BRDA:63,8,1,7
BRDA:70,9,0,1
BRDA:70,9,1,7
BRDA:74,10,0,1
BRDA:74,10,1,7
BRDA:78,11,0,1
BRDA:78,11,1,7
BRDA:78,12,0,8
BRDA:78,12,1,7
BRDA:80,13,0,1
BRDA:80,13,1,0
BRDA:81,14,0,1
BRDA:81,14,1,0
BRDA:84,15,0,1
BRDA:84,15,1,7
BRDA:84,16,0,8
BRDA:84,16,1,7
BRDA:86,17,0,1
BRDA:86,17,1,0
BRDA:87,18,0,1
BRDA:87,18,1,0
BRDA:150,19,0,1
BRDA:150,19,1,1
BRDA:185,20,0,1
BRDA:185,20,1,1
BRDA:197,21,0,1
BRDA:197,21,1,2
BRDA:201,22,0,1
BRDA:201,22,1,1
BRDA:226,23,0,1
BRDA:226,23,1,2
BRDA:230,24,0,1
BRDA:230,24,1,1
BRDA:241,25,0,1
BRDA:241,26,0,1
BRF:50
BRH:46
end_of_record
TN:
SF:src\rfq\rfq.service.ts
FN:8,(anonymous_2)
FN:10,(anonymous_3)
FN:16,(anonymous_4)
FN:66,(anonymous_5)
FN:108,(anonymous_6)
FN:149,(anonymous_7)
FN:181,(anonymous_8)
FN:201,(anonymous_9)
FN:231,(anonymous_10)
FN:268,(anonymous_11)
FN:311,(anonymous_12)
FNF:11
FNH:0
FNDA:0,(anonymous_2)
FNDA:0,(anonymous_3)
FNDA:0,(anonymous_4)
FNDA:0,(anonymous_5)
FNDA:0,(anonymous_6)
FNDA:0,(anonymous_7)
FNDA:0,(anonymous_8)
FNDA:0,(anonymous_9)
FNDA:0,(anonymous_10)
FNDA:0,(anonymous_11)
FNDA:0,(anonymous_12)
DA:1,0
DA:2,0
DA:4,0
DA:7,0
DA:8,0
DA:11,0
DA:12,0
DA:13,0
DA:17,0
DA:18,0
DA:21,0
DA:22,0
DA:26,0
DA:67,0
DA:69,0
DA:70,0
DA:71,0
DA:74,0
DA:97,0
DA:109,0
DA:142,0
DA:143,0
DA:146,0
DA:150,0
DA:154,0
DA:155,0
DA:158,0
DA:159,0
DA:162,0
DA:182,0
DA:186,0
DA:187,0
DA:190,0
DA:191,0
DA:194,0
DA:198,0
DA:202,0
DA:204,0
DA:220,0
DA:232,0
DA:234,0
DA:257,0
DA:269,0
DA:274,0
DA:275,0
DA:278,0
DA:282,0
DA:283,0
DA:286,0
DA:287,0
DA:290,0
DA:312,0
DA:317,0
DA:318,0
DA:321,0
DA:322,0
DA:325,0
DA:336,0
LF:58
LH:0
BRDA:17,0,0,0
BRDA:17,0,1,0
BRDA:21,1,0,0
BRDA:21,1,1,0
BRDA:33,2,0,0
BRDA:33,2,1,0
BRDA:35,3,0,0
BRDA:35,3,1,0
BRDA:67,4,0,0
BRDA:67,5,0,0
BRDA:70,6,0,0
BRDA:70,6,1,0
BRDA:142,7,0,0
BRDA:142,7,1,0
BRDA:154,8,0,0
BRDA:154,8,1,0
BRDA:158,9,0,0
BRDA:158,9,1,0
BRDA:166,10,0,0
BRDA:166,10,1,0
BRDA:186,11,0,0
BRDA:186,11,1,0
BRDA:190,12,0,0
BRDA:190,12,1,0
BRDA:201,13,0,0
BRDA:201,14,0,0
BRDA:231,15,0,0
BRDA:231,16,0,0
BRDA:274,17,0,0
BRDA:274,17,1,0
BRDA:274,18,0,0
BRDA:274,18,1,0
BRDA:274,18,2,0
BRDA:282,19,0,0
BRDA:282,19,1,0
BRDA:286,20,0,0
BRDA:286,20,1,0
BRDA:317,21,0,0
BRDA:317,21,1,0
BRDA:321,22,0,0
BRDA:321,22,1,0
BRF:41
BRH:0
end_of_record
TN:
SF:src\settings\settings.service.ts
FN:12,(anonymous_2)
FN:14,(anonymous_3)
FN:44,(anonymous_4)
FN:100,(anonymous_5)
FNF:4
FNH:0
FNDA:0,(anonymous_2)
FNDA:0,(anonymous_3)
FNDA:0,(anonymous_4)
FNDA:0,(anonymous_5)
DA:1,1
DA:2,1
DA:5,1
DA:11,1
DA:12,0
DA:15,0
DA:17,0
DA:18,0
DA:27,0
DA:28,0
DA:29,0
DA:31,0
DA:45,0
DA:47,0
DA:49,0
DA:50,0
DA:53,0
DA:54,0
DA:57,0
DA:58,0
DA:61,0
DA:62,0
DA:65,0
DA:66,0
DA:74,0
DA:75,0
DA:83,0
DA:84,0
DA:89,0
DA:101,0
DA:102,0
LF:31
LH:4
BRDA:17,0,0,0
BRDA:17,0,1,0
BRDA:33,1,0,0
BRDA:33,1,1,0
BRDA:35,2,0,0
BRDA:35,2,1,0
BRDA:37,3,0,0
BRDA:37,3,1,0
BRDA:39,4,0,0
BRDA:39,4,1,0
BRDA:49,5,0,0
BRDA:49,5,1,0
BRDA:53,6,0,0
BRDA:53,6,1,0
BRDA:57,7,0,0
BRDA:57,7,1,0
BRDA:61,8,0,0
BRDA:61,8,1,0
BRDA:65,9,0,0
BRDA:65,9,1,0
BRDA:74,10,0,0
BRDA:74,10,1,0
BRDA:83,11,0,0
BRDA:83,11,1,0
BRDA:91,12,0,0
BRDA:91,12,1,0
BRDA:92,13,0,0
BRDA:92,13,1,0
BRDA:93,14,0,0
BRDA:93,14,1,0
BRF:30
BRH:0
end_of_record
TN:
SF:src\users\users.service.ts
FN:8,(anonymous_2)
FN:10,(anonymous_3)
FN:31,(anonymous_4)
FN:66,(anonymous_5)
FN:91,(anonymous_6)
FNF:5
FNH:0
FNDA:0,(anonymous_2)
FNDA:0,(anonymous_3)
FNDA:0,(anonymous_4)
FNDA:0,(anonymous_5)
FNDA:0,(anonymous_6)
DA:1,0
DA:2,0
DA:4,0
DA:7,0
DA:8,0
DA:11,0
DA:23,0
DA:24,0
DA:27,0
DA:28,0
DA:32,0
DA:36,0
DA:37,0
DA:40,0
DA:62,0
DA:63,0
DA:67,0
DA:71,0
DA:72,0
DA:75,0
DA:77,0
DA:78,0
DA:81,0
DA:83,0
DA:88,0
DA:92,0
LF:26
LH:0
BRDA:23,0,0,0
BRDA:23,0,1,0
BRDA:36,1,0,0
BRDA:36,1,1,0
BRDA:71,2,0,0
BRDA:71,2,1,0
BRDA:77,3,0,0
BRDA:77,3,1,0
BRF:8
BRH:0
end_of_record
