TN:
SF:src\app.service.ts
FN:5,(anonymous_1)
FNF:1
FNH:0
FNDA:0,(anonymous_1)
DA:1,0
DA:4,0
DA:6,0
LF:3
LH:0
BRF:0
BRH:0
end_of_record
TN:
SF:src\admin\admin.service.ts
FN:14,(anonymous_2)
FN:18,(anonymous_3)
FN:75,(anonymous_4)
FN:78,(anonymous_5)
FN:92,(anonymous_6)
FN:97,(anonymous_7)
FN:101,(anonymous_8)
FN:105,(anonymous_9)
FN:114,(anonymous_10)
FN:159,(anonymous_11)
FN:203,(anonymous_12)
FN:221,(anonymous_13)
FN:234,(anonymous_14)
FN:250,(anonymous_15)
FN:297,(anonymous_16)
FN:310,(anonymous_17)
FN:326,(anonymous_18)
FN:342,(anonymous_19)
FN:369,(anonymous_20)
FN:416,(anonymous_21)
FN:436,(anonymous_22)
FN:455,(anonymous_23)
FN:506,(anonymous_24)
FN:553,(anonymous_25)
FN:574,(anonymous_26)
FN:606,(anonymous_27)
FN:640,(anonymous_28)
FN:678,(anonymous_29)
FNF:28
FNH:10
FNDA:13,(anonymous_2)
FNDA:1,(anonymous_3)
FNDA:0,(anonymous_4)
FNDA:0,(anonymous_5)
FNDA:0,(anonymous_6)
FNDA:0,(anonymous_7)
FNDA:0,(anonymous_8)
FNDA:0,(anonymous_9)
FNDA:1,(anonymous_10)
FNDA:2,(anonymous_11)
FNDA:0,(anonymous_12)
FNDA:2,(anonymous_13)
FNDA:1,(anonymous_14)
FNDA:1,(anonymous_15)
FNDA:0,(anonymous_16)
FNDA:0,(anonymous_17)
FNDA:2,(anonymous_18)
FNDA:2,(anonymous_19)
FNDA:1,(anonymous_20)
FNDA:0,(anonymous_21)
FNDA:0,(anonymous_22)
FNDA:0,(anonymous_23)
FNDA:0,(anonymous_24)
FNDA:0,(anonymous_25)
FNDA:0,(anonymous_26)
FNDA:0,(anonymous_27)
FNDA:0,(anonymous_28)
FNDA:0,(anonymous_29)
DA:1,1
DA:2,1
DA:3,1
DA:13,1
DA:14,13
DA:30,1
DA:55,1
DA:56,1
DA:58,1
DA:68,1
DA:74,1
DA:75,0
DA:78,1
DA:79,0
DA:80,0
DA:83,1
DA:92,0
DA:97,0
DA:101,0
DA:105,0
DA:122,1
DA:126,1
DA:127,0
DA:130,1
DA:132,1
DA:156,1
DA:160,2
DA:161,2
DA:163,2
DA:165,2
DA:166,1
DA:169,2
DA:170,0
DA:173,2
DA:174,0
DA:181,2
DA:192,2
DA:204,0
DA:214,0
DA:215,0
DA:218,0
DA:222,2
DA:224,2
DA:225,1
DA:228,1
DA:235,1
DA:237,1
DA:238,1
DA:242,0
DA:251,1
DA:252,1
DA:254,1
DA:256,1
DA:257,0
DA:260,1
DA:261,0
DA:264,1
DA:265,0
DA:271,1
DA:286,1
DA:298,0
DA:300,0
DA:301,0
DA:304,0
DA:311,0
DA:313,0
DA:314,0
DA:317,0
DA:327,2
DA:329,2
DA:330,1
DA:333,1
DA:343,2
DA:348,2
DA:349,0
DA:352,2
DA:353,1
DA:357,1
DA:362,1
DA:370,1
DA:371,1
DA:373,1
DA:375,1
DA:376,0
DA:379,1
DA:380,0
DA:383,1
DA:384,0
DA:389,1
DA:405,1
DA:417,0
DA:429,0
DA:430,0
DA:433,0
DA:437,0
DA:439,0
DA:440,0
DA:443,0
DA:456,0
DA:457,0
DA:465,0
DA:492,0
DA:507,0
DA:508,0
DA:510,0
DA:512,0
DA:513,0
DA:516,0
DA:517,0
DA:520,0
DA:521,0
DA:524,0
DA:542,0
DA:554,0
DA:567,0
DA:568,0
DA:571,0
DA:575,0
DA:579,0
DA:580,0
DA:583,0
DA:584,0
DA:587,0
DA:588,0
DA:592,0
DA:598,0
DA:603,0
DA:607,0
DA:608,0
DA:610,0
DA:627,0
DA:641,0
DA:642,0
DA:644,0
DA:649,0
DA:650,0
DA:656,0
DA:667,0
DA:679,0
DA:680,0
DA:681,0
DA:684,0
LF:142
LH:60
BRDA:91,0,0,1
BRDA:91,0,1,0
BRDA:103,1,0,0
BRDA:103,1,1,0
BRDA:106,2,0,0
BRDA:106,2,1,0
BRDA:126,3,0,0
BRDA:126,3,1,1
BRDA:160,4,0,1
BRDA:160,5,0,1
BRDA:165,6,0,1
BRDA:165,6,1,1
BRDA:169,7,0,0
BRDA:169,7,1,2
BRDA:173,8,0,0
BRDA:173,8,1,2
BRDA:214,9,0,0
BRDA:214,9,1,0
BRDA:224,10,0,1
BRDA:224,10,1,1
BRDA:237,11,0,1
BRDA:237,11,1,0
BRDA:251,12,0,0
BRDA:251,13,0,0
BRDA:256,14,0,0
BRDA:256,14,1,1
BRDA:260,15,0,0
BRDA:260,15,1,1
BRDA:264,16,0,0
BRDA:264,16,1,1
BRDA:300,17,0,0
BRDA:300,17,1,0
BRDA:313,18,0,0
BRDA:313,18,1,0
BRDA:329,19,0,1
BRDA:329,19,1,1
BRDA:348,20,0,0
BRDA:348,20,1,2
BRDA:352,21,0,1
BRDA:352,21,1,1
BRDA:370,22,0,0
BRDA:370,23,0,0
BRDA:375,24,0,0
BRDA:375,24,1,1
BRDA:379,25,0,0
BRDA:379,25,1,1
BRDA:383,26,0,0
BRDA:383,26,1,1
BRDA:429,27,0,0
BRDA:429,27,1,0
BRDA:439,28,0,0
BRDA:439,28,1,0
BRDA:494,29,0,0
BRDA:494,29,1,0
BRDA:498,30,0,0
BRDA:498,30,1,0
BRDA:507,31,0,0
BRDA:507,32,0,0
BRDA:512,33,0,0
BRDA:512,33,1,0
BRDA:516,34,0,0
BRDA:516,34,1,0
BRDA:520,35,0,0
BRDA:520,35,1,0
BRDA:567,36,0,0
BRDA:567,36,1,0
BRDA:579,37,0,0
BRDA:579,37,1,0
BRDA:583,38,0,0
BRDA:583,38,1,0
BRDA:587,39,0,0
BRDA:587,39,1,0
BRDA:607,40,0,0
BRDA:607,41,0,0
BRDA:641,42,0,0
BRDA:641,43,0,0
BRDA:649,44,0,0
BRDA:649,44,1,0
BRDA:680,45,0,0
BRDA:680,45,1,0
BRDA:688,46,0,0
BRDA:688,46,1,0
BRF:82
BRH:22
end_of_record
TN:
SF:src\aliexpress\aliexpress.service.ts
FN:12,(anonymous_2)
FN:17,(anonymous_3)
FN:21,(anonymous_4)
FN:25,(anonymous_5)
FN:29,(anonymous_6)
FN:33,(anonymous_7)
FN:38,(anonymous_8)
FN:40,(anonymous_9)
FN:49,(anonymous_10)
FN:61,(anonymous_11)
FN:75,(anonymous_12)
FN:153,(anonymous_13)
FN:176,(anonymous_14)
FN:222,(anonymous_15)
FN:230,(anonymous_16)
FN:301,(anonymous_17)
FN:339,(anonymous_18)
FN:353,(anonymous_19)
FN:376,(anonymous_20)
FN:426,(anonymous_21)
FN:493,(anonymous_22)
FN:517,(anonymous_23)
FN:541,(anonymous_24)
FN:597,(anonymous_25)
FN:606,(anonymous_26)
FN:622,(anonymous_27)
FN:637,(anonymous_28)
FN:638,(anonymous_29)
FN:659,(anonymous_30)
FN:685,(anonymous_31)
FN:715,(anonymous_32)
FN:723,(anonymous_33)
FN:741,(anonymous_34)
FNF:33
FNH:0
FNDA:0,(anonymous_2)
FNDA:0,(anonymous_3)
FNDA:0,(anonymous_4)
FNDA:0,(anonymous_5)
FNDA:0,(anonymous_6)
FNDA:0,(anonymous_7)
FNDA:0,(anonymous_8)
FNDA:0,(anonymous_9)
FNDA:0,(anonymous_10)
FNDA:0,(anonymous_11)
FNDA:0,(anonymous_12)
FNDA:0,(anonymous_13)
FNDA:0,(anonymous_14)
FNDA:0,(anonymous_15)
FNDA:0,(anonymous_16)
FNDA:0,(anonymous_17)
FNDA:0,(anonymous_18)
FNDA:0,(anonymous_19)
FNDA:0,(anonymous_20)
FNDA:0,(anonymous_21)
FNDA:0,(anonymous_22)
FNDA:0,(anonymous_23)
FNDA:0,(anonymous_24)
FNDA:0,(anonymous_25)
FNDA:0,(anonymous_26)
FNDA:0,(anonymous_27)
FNDA:0,(anonymous_28)
FNDA:0,(anonymous_29)
FNDA:0,(anonymous_30)
FNDA:0,(anonymous_31)
FNDA:0,(anonymous_32)
FNDA:0,(anonymous_33)
FNDA:0,(anonymous_34)
DA:1,0
DA:2,0
DA:3,0
DA:4,0
DA:7,0
DA:8,0
DA:9,0
DA:10,0
DA:13,0
DA:14,0
DA:18,0
DA:22,0
DA:26,0
DA:30,0
DA:34,0
DA:39,0
DA:40,0
DA:41,0
DA:50,0
DA:57,0
DA:62,0
DA:63,0
DA:64,0
DA:66,0
DA:74,0
DA:75,0
DA:76,0
DA:82,0
DA:84,0
DA:86,0
DA:92,0
DA:93,0
DA:96,0
DA:97,0
DA:99,0
DA:102,0
DA:103,0
DA:104,0
DA:109,0
DA:111,0
DA:112,0
DA:114,0
DA:115,0
DA:118,0
DA:124,0
DA:125,0
DA:126,0
DA:128,0
DA:130,0
DA:142,0
DA:145,0
DA:146,0
DA:147,0
DA:148,0
DA:154,0
DA:158,0
DA:159,0
DA:163,0
DA:164,0
DA:168,0
DA:169,0
DA:172,0
DA:177,0
DA:178,0
DA:183,0
DA:192,0
DA:194,0
DA:195,0
DA:201,0
DA:202,0
DA:204,0
DA:206,0
DA:214,0
DA:216,0
DA:217,0
DA:223,0
DA:226,0
DA:238,0
DA:244,0
DA:246,0
DA:248,0
DA:249,0
DA:250,0
DA:251,0
DA:252,0
DA:253,0
DA:256,0
DA:258,0
DA:259,0
DA:277,0
DA:278,0
DA:280,0
DA:296,0
DA:297,0
DA:300,0
DA:301,0
DA:302,0
DA:308,0
DA:310,0
DA:312,0
DA:320,0
DA:322,0
DA:323,0
DA:325,0
DA:328,0
DA:329,0
DA:335,0
DA:336,0
DA:338,0
DA:339,0
DA:346,0
DA:347,0
DA:348,0
DA:354,0
DA:356,0
DA:357,0
DA:359,0
DA:375,0
DA:376,0
DA:377,0
DA:383,0
DA:385,0
DA:387,0
DA:395,0
DA:398,0
DA:399,0
DA:401,0
DA:404,0
DA:405,0
DA:412,0
DA:413,0
DA:414,0
DA:417,0
DA:419,0
DA:420,0
DA:421,0
DA:427,0
DA:428,0
DA:430,0
DA:431,0
DA:433,0
DA:437,0
DA:438,0
DA:439,0
DA:443,0
DA:444,0
DA:447,0
DA:448,0
DA:449,0
DA:452,0
DA:455,0
DA:458,0
DA:459,0
DA:461,0
DA:482,0
DA:484,0
DA:485,0
DA:489,0
DA:494,0
DA:495,0
DA:497,0
DA:510,0
DA:518,0
DA:519,0
DA:520,0
DA:522,0
DA:523,0
DA:524,0
DA:525,0
DA:527,0
DA:528,0
DA:529,0
DA:530,0
DA:531,0
DA:533,0
DA:542,0
DA:547,0
DA:548,0
DA:551,0
DA:555,0
DA:556,0
DA:566,0
DA:585,0
DA:593,0
DA:598,0
DA:599,0
DA:600,0
DA:602,0
DA:607,0
DA:623,0
DA:624,0
DA:625,0
DA:626,0
DA:627,0
DA:628,0
DA:631,0
DA:632,0
DA:633,0
DA:637,0
DA:638,0
DA:640,0
DA:661,0
DA:662,0
DA:663,0
DA:667,0
DA:668,0
DA:671,0
DA:681,0
DA:686,0
DA:687,0
DA:688,0
DA:691,0
DA:713,0
DA:714,0
DA:715,0
DA:716,0
DA:722,0
DA:723,0
DA:724,0
DA:729,0
DA:730,0
DA:731,0
DA:732,0
DA:733,0
DA:737,0
DA:742,0
LF:226
LH:0
BRDA:102,0,0,0
BRDA:102,0,1,0
BRDA:102,1,0,0
BRDA:102,1,1,0
BRDA:102,1,2,0
BRDA:102,1,3,0
BRDA:102,1,4,0
BRDA:102,1,5,0
BRDA:102,1,6,0
BRDA:103,2,0,0
BRDA:103,2,1,0
BRDA:103,2,2,0
BRDA:103,2,3,0
BRDA:103,2,4,0
BRDA:109,3,0,0
BRDA:109,3,1,0
BRDA:112,4,0,0
BRDA:112,4,1,0
BRDA:114,5,0,0
BRDA:114,5,1,0
BRDA:124,6,0,0
BRDA:124,6,1,0
BRDA:124,6,2,0
BRDA:134,7,0,0
BRDA:134,7,1,0
BRDA:134,7,2,0
BRDA:135,8,0,0
BRDA:135,8,1,0
BRDA:136,9,0,0
BRDA:136,9,1,0
BRDA:145,10,0,0
BRDA:145,10,1,0
BRDA:158,11,0,0
BRDA:158,11,1,0
BRDA:163,12,0,0
BRDA:163,12,1,0
BRDA:168,13,0,0
BRDA:168,13,1,0
BRDA:168,14,0,0
BRDA:168,14,1,0
BRDA:202,15,0,0
BRDA:202,15,1,0
BRDA:204,16,0,0
BRDA:204,16,1,0
BRDA:226,17,0,0
BRDA:226,17,1,0
BRDA:230,18,0,0
BRDA:240,19,0,0
BRDA:241,20,0,0
BRDA:242,21,0,0
BRDA:243,22,0,0
BRDA:249,23,0,0
BRDA:249,23,1,0
BRDA:251,24,0,0
BRDA:251,24,1,0
BRDA:253,25,0,0
BRDA:253,25,1,0
BRDA:256,26,0,0
BRDA:256,26,1,0
BRDA:265,27,0,0
BRDA:265,27,1,0
BRDA:296,28,0,0
BRDA:296,28,1,0
BRDA:297,29,0,0
BRDA:297,29,1,0
BRDA:328,30,0,0
BRDA:328,30,1,0
BRDA:330,31,0,0
BRDA:330,31,1,0
BRDA:335,32,0,0
BRDA:335,32,1,0
BRDA:335,32,2,0
BRDA:336,33,0,0
BRDA:336,33,1,0
BRDA:340,34,0,0
BRDA:340,34,1,0
BRDA:346,35,0,0
BRDA:346,35,1,0
BRDA:348,36,0,0
BRDA:348,36,1,0
BRDA:353,37,0,0
BRDA:404,38,0,0
BRDA:404,38,1,0
BRDA:406,39,0,0
BRDA:406,39,1,0
BRDA:412,40,0,0
BRDA:412,40,1,0
BRDA:413,41,0,0
BRDA:413,41,1,0
BRDA:419,42,0,0
BRDA:419,42,1,0
BRDA:437,43,0,0
BRDA:437,43,1,0
BRDA:444,44,0,0
BRDA:444,44,1,0
BRDA:447,45,0,0
BRDA:447,45,1,0
BRDA:447,45,2,0
BRDA:452,46,0,0
BRDA:452,46,1,0
BRDA:459,47,0,0
BRDA:459,47,1,0
BRDA:464,48,0,0
BRDA:464,48,1,0
BRDA:465,49,0,0
BRDA:465,49,1,0
BRDA:467,50,0,0
BRDA:467,50,1,0
BRDA:468,51,0,0
BRDA:468,51,1,0
BRDA:469,52,0,0
BRDA:469,52,1,0
BRDA:471,53,0,0
BRDA:471,53,1,0
BRDA:474,54,0,0
BRDA:474,54,1,0
BRDA:475,55,0,0
BRDA:475,55,1,0
BRDA:485,56,0,0
BRDA:485,56,1,0
BRDA:494,57,0,0
BRDA:494,57,1,0
BRDA:494,58,0,0
BRDA:494,58,1,0
BRDA:495,59,0,0
BRDA:495,59,1,0
BRDA:495,60,0,0
BRDA:495,60,1,0
BRDA:519,61,0,0
BRDA:519,61,1,0
BRDA:520,62,0,0
BRDA:520,62,1,0
BRDA:523,63,0,0
BRDA:523,63,1,0
BRDA:527,64,0,0
BRDA:527,64,1,0
BRDA:528,65,0,0
BRDA:528,65,1,0
BRDA:529,66,0,0
BRDA:529,66,1,0
BRDA:530,67,0,0
BRDA:530,67,1,0
BRDA:531,68,0,0
BRDA:531,68,1,0
BRDA:547,69,0,0
BRDA:547,69,1,0
BRDA:548,70,0,0
BRDA:548,70,1,0
BRDA:555,71,0,0
BRDA:555,71,1,0
BRDA:574,72,0,0
BRDA:574,72,1,0
BRDA:576,73,0,0
BRDA:576,73,1,0
BRDA:599,74,0,0
BRDA:599,74,1,0
BRDA:600,75,0,0
BRDA:600,75,1,0
BRDA:608,76,0,0
BRDA:608,76,1,0
BRDA:609,77,0,0
BRDA:609,77,1,0
BRDA:609,77,2,0
BRDA:610,78,0,0
BRDA:610,78,1,0
BRDA:610,78,2,0
BRDA:611,79,0,0
BRDA:611,79,1,0
BRDA:611,79,2,0
BRDA:612,80,0,0
BRDA:612,80,1,0
BRDA:613,81,0,0
BRDA:613,81,1,0
BRDA:613,81,2,0
BRDA:614,82,0,0
BRDA:614,82,1,0
BRDA:614,82,2,0
BRDA:615,83,0,0
BRDA:615,83,1,0
BRDA:616,84,0,0
BRDA:616,84,1,0
BRDA:616,84,2,0
BRDA:617,85,0,0
BRDA:617,85,1,0
BRDA:623,86,0,0
BRDA:623,86,1,0
BRDA:623,86,2,0
BRDA:623,86,3,0
BRDA:624,87,0,0
BRDA:624,87,1,0
BRDA:625,88,0,0
BRDA:625,88,1,0
BRDA:626,89,0,0
BRDA:626,89,1,0
BRDA:627,90,0,0
BRDA:627,90,1,0
BRDA:628,91,0,0
BRDA:628,91,1,0
BRDA:631,92,0,0
BRDA:631,92,1,0
BRDA:631,92,2,0
BRDA:632,93,0,0
BRDA:632,93,1,0
BRDA:641,94,0,0
BRDA:641,94,1,0
BRDA:641,94,2,0
BRDA:642,95,0,0
BRDA:642,95,1,0
BRDA:642,95,2,0
BRDA:643,96,0,0
BRDA:643,96,1,0
BRDA:643,96,2,0
BRDA:644,97,0,0
BRDA:644,97,1,0
BRDA:644,97,2,0
BRDA:644,97,3,0
BRDA:644,97,4,0
BRDA:646,98,0,0
BRDA:646,98,1,0
BRDA:646,99,0,0
BRDA:646,99,1,0
BRDA:647,100,0,0
BRDA:647,100,1,0
BRDA:647,101,0,0
BRDA:647,101,1,0
BRDA:647,101,2,0
BRDA:648,102,0,0
BRDA:648,102,1,0
BRDA:648,102,2,0
BRDA:650,103,0,0
BRDA:650,103,1,0
BRDA:651,104,0,0
BRDA:651,104,1,0
BRDA:652,105,0,0
BRDA:652,105,1,0
BRDA:653,106,0,0
BRDA:653,106,1,0
BRDA:654,107,0,0
BRDA:654,107,1,0
BRDA:661,108,0,0
BRDA:661,108,1,0
BRDA:663,109,0,0
BRDA:663,109,1,0
BRDA:686,110,0,0
BRDA:686,110,1,0
BRDA:687,111,0,0
BRDA:687,111,1,0
BRDA:688,112,0,0
BRDA:688,112,1,0
BRDA:713,113,0,0
BRDA:713,113,1,0
BRDA:715,114,0,0
BRDA:715,114,1,0
BRDA:723,115,0,0
BRDA:723,115,1,0
BRDA:729,116,0,0
BRDA:729,116,1,0
BRDA:731,117,0,0
BRDA:731,117,1,0
BRDA:731,118,0,0
BRDA:731,118,1,0
BRDA:732,119,0,0
BRDA:732,119,1,0
BRDA:733,120,0,0
BRDA:733,120,1,0
BRF:265
BRH:0
end_of_record
TN:
SF:src\analytics\analytics.service.ts
FN:6,(anonymous_2)
FN:8,(anonymous_3)
FN:99,(anonymous_4)
FNF:3
FNH:0
FNDA:0,(anonymous_2)
FNDA:0,(anonymous_3)
FNDA:0,(anonymous_4)
DA:1,0
DA:2,0
DA:5,0
DA:6,0
DA:9,0
DA:14,0
DA:16,0
DA:19,0
DA:20,0
DA:21,0
DA:23,0
DA:43,0
DA:50,0
DA:65,0
DA:66,0
DA:68,0
DA:80,0
DA:100,0
DA:110,0
LF:19
LH:0
BRDA:14,0,0,0
BRDA:14,0,1,0
BRDA:14,1,0,0
BRDA:14,1,1,0
BRDA:82,2,0,0
BRDA:82,2,1,0
BRDA:83,3,0,0
BRDA:83,3,1,0
BRDA:84,4,0,0
BRDA:84,4,1,0
BRDA:91,5,0,0
BRDA:91,5,1,0
BRDA:95,6,0,0
BRDA:95,6,1,0
BRDA:113,7,0,0
BRDA:113,7,1,0
BRF:16
BRH:0
end_of_record
TN:
SF:src\auth\auth.service.ts
FN:10,(anonymous_2)
FN:15,(anonymous_3)
FN:72,(anonymous_4)
FN:105,(anonymous_5)
FN:114,(anonymous_6)
FNF:5
FNH:5
FNDA:10,(anonymous_2)
FNDA:4,(anonymous_3)
FNDA:4,(anonymous_4)
FNDA:4,(anonymous_5)
FNDA:2,(anonymous_6)
DA:1,1
DA:2,1
DA:3,1
DA:4,1
DA:6,1
DA:9,1
DA:11,10
DA:12,10
DA:16,4
DA:20,4
DA:21,1
DA:24,3
DA:26,3
DA:27,3
DA:28,2
DA:37,2
DA:58,2
DA:60,2
DA:73,4
DA:81,4
DA:82,1
DA:85,3
DA:87,3
DA:88,1
DA:91,2
DA:93,2
DA:106,4
DA:111,4
DA:115,2
LF:29
LH:29
BRDA:20,0,0,1
BRDA:20,0,1,3
BRDA:27,1,0,2
BRDA:27,1,1,1
BRDA:27,2,0,3
BRDA:27,2,1,2
BRDA:66,3,0,2
BRDA:66,3,1,1
BRDA:67,4,0,2
BRDA:67,4,1,1
BRDA:81,5,0,1
BRDA:81,5,1,3
BRDA:87,6,0,1
BRDA:87,6,1,2
BRDA:99,7,0,2
BRDA:99,7,1,0
BRDA:100,8,0,2
BRDA:100,8,1,0
BRF:18
BRH:16
end_of_record
TN:
SF:src\categories\categories.service.ts
FN:7,(anonymous_2)
FN:9,(anonymous_3)
FN:37,(anonymous_4)
FN:50,(anonymous_5)
FN:56,(anonymous_6)
FN:79,(anonymous_7)
FN:102,(anonymous_8)
FN:117,(anonymous_9)
FNF:8
FNH:8
FNDA:19,(anonymous_2)
FNDA:4,(anonymous_3)
FNDA:2,(anonymous_4)
FNDA:1,(anonymous_5)
FNDA:3,(anonymous_6)
FNDA:3,(anonymous_7)
FNDA:2,(anonymous_8)
FNDA:4,(anonymous_9)
DA:1,1
DA:2,1
DA:6,1
DA:7,19
DA:10,4
DA:14,4
DA:15,1
DA:18,3
DA:19,2
DA:22,2
DA:23,1
DA:27,2
DA:38,2
DA:51,1
DA:57,3
DA:72,3
DA:73,1
DA:76,2
DA:80,3
DA:95,3
DA:96,1
DA:99,2
DA:103,2
DA:107,2
DA:108,1
DA:111,1
DA:118,4
DA:126,4
DA:127,1
DA:130,3
DA:131,2
DA:134,1
DA:138,1
LF:33
LH:33
BRDA:14,0,0,1
BRDA:14,0,1,3
BRDA:18,1,0,2
BRDA:18,1,1,1
BRDA:22,2,0,1
BRDA:22,2,1,1
BRDA:72,3,0,1
BRDA:72,3,1,2
BRDA:95,4,0,1
BRDA:95,4,1,2
BRDA:107,5,0,1
BRDA:107,5,1,1
BRDA:126,6,0,1
BRDA:126,6,1,3
BRDA:130,7,0,2
BRDA:130,7,1,1
BRDA:130,8,0,3
BRDA:130,8,1,2
BRF:18
BRH:18
end_of_record
TN:
SF:src\companies\companies.service.ts
FN:8,(anonymous_2)
FN:10,(anonymous_3)
FN:61,(anonymous_4)
FN:88,(anonymous_5)
FN:114,(anonymous_6)
FN:127,(anonymous_7)
FN:145,(anonymous_8)
FNF:7
FNH:7
FNDA:17,(anonymous_2)
FNDA:4,(anonymous_3)
FNDA:4,(anonymous_4)
FNDA:2,(anonymous_5)
FNDA:2,(anonymous_6)
FNDA:3,(anonymous_7)
FNDA:3,(anonymous_8)
DA:1,1
DA:2,1
DA:4,1
DA:7,1
DA:8,17
DA:11,4
DA:15,4
DA:16,1
DA:19,3
DA:20,1
DA:23,2
DA:53,2
DA:58,2
DA:62,4
DA:81,4
DA:82,1
DA:85,3
DA:89,2
DA:94,2
DA:95,1
DA:98,1
DA:115,2
DA:120,2
DA:121,1
DA:124,1
DA:128,3
DA:132,3
DA:133,1
DA:136,2
DA:146,3
LF:30
LH:30
BRDA:15,0,0,1
BRDA:15,0,1,3
BRDA:19,1,0,1
BRDA:19,1,1,2
BRDA:81,2,0,1
BRDA:81,2,1,3
BRDA:94,3,0,1
BRDA:94,3,1,1
BRDA:94,4,0,2
BRDA:94,4,1,2
BRDA:120,5,0,1
BRDA:120,5,1,1
BRDA:120,6,0,2
BRDA:120,6,1,2
BRDA:132,7,0,1
BRDA:132,7,1,2
BRDA:140,8,0,1
BRDA:140,8,1,1
BRF:18
BRH:18
end_of_record
TN:
SF:src\faq\faq.service.ts
FN:6,(anonymous_2)
FN:10,(anonymous_3)
FN:16,(anonymous_4)
FN:29,(anonymous_5)
FN:40,(anonymous_6)
FN:58,(anonymous_7)
FN:70,(anonymous_8)
FN:95,(anonymous_9)
FN:108,(anonymous_10)
FN:116,(anonymous_11)
FN:136,(anonymous_12)
FN:163,(anonymous_13)
FN:175,(anonymous_14)
FN:233,(anonymous_15)
FNF:14
FNH:10
FNDA:14,(anonymous_2)
FNDA:1,(anonymous_3)
FNDA:2,(anonymous_4)
FNDA:1,(anonymous_5)
FNDA:2,(anonymous_6)
FNDA:1,(anonymous_7)
FNDA:2,(anonymous_8)
FNDA:2,(anonymous_9)
FNDA:0,(anonymous_10)
FNDA:1,(anonymous_11)
FNDA:0,(anonymous_12)
FNDA:0,(anonymous_13)
FNDA:2,(anonymous_14)
FNDA:0,(anonymous_15)
DA:1,1
DA:2,1
DA:5,1
DA:6,14
DA:11,1
DA:17,2
DA:22,2
DA:23,1
DA:26,1
DA:30,1
DA:41,2
DA:43,2
DA:44,1
DA:47,1
DA:59,1
DA:61,1
DA:62,0
DA:65,1
DA:71,2
DA:73,2
DA:74,1
DA:77,2
DA:78,1
DA:81,2
DA:82,0
DA:88,2
DA:96,2
DA:101,2
DA:102,1
DA:105,1
DA:109,0
DA:124,1
DA:144,0
DA:146,0
DA:147,0
DA:150,0
DA:164,0
DA:166,0
DA:167,0
DA:170,0
DA:176,2
DA:178,2
DA:179,0
DA:182,2
DA:191,2
DA:192,1
DA:193,1
DA:196,0
DA:210,0
DA:213,1
DA:230,1
DA:234,0
DA:243,0
LF:53
LH:37
BRDA:22,0,0,1
BRDA:22,0,1,1
BRDA:35,1,0,1
BRDA:35,1,1,1
BRDA:43,2,0,1
BRDA:43,2,1,1
BRDA:61,3,0,0
BRDA:61,3,1,1
BRDA:73,4,0,1
BRDA:73,4,1,1
BRDA:77,5,0,1
BRDA:77,5,1,1
BRDA:81,6,0,0
BRDA:81,6,1,2
BRDA:101,7,0,1
BRDA:101,7,1,1
BRDA:130,8,0,1
BRDA:130,8,1,1
BRDA:131,9,0,1
BRDA:131,9,1,1
BRDA:146,10,0,0
BRDA:146,10,1,0
BRDA:166,11,0,0
BRDA:166,11,1,0
BRDA:178,12,0,0
BRDA:178,12,1,2
BRDA:191,13,0,1
BRDA:191,13,1,1
BRDA:192,14,0,1
BRDA:192,14,1,0
BRDA:204,15,0,0
BRDA:204,15,1,0
BRDA:205,16,0,0
BRDA:205,16,1,0
BRDA:224,17,0,1
BRDA:224,17,1,0
BRDA:225,18,0,1
BRDA:225,18,1,0
BRF:38
BRH:24
end_of_record
TN:
SF:src\financing\financing.service.ts
FN:8,(anonymous_2)
FN:10,(anonymous_3)
FN:52,(anonymous_4)
FN:98,(anonymous_5)
FN:123,(anonymous_6)
FN:157,(anonymous_7)
FN:190,(anonymous_8)
FN:219,(anonymous_9)
FN:245,(anonymous_10)
FNF:9
FNH:9
FNDA:24,(anonymous_2)
FNDA:3,(anonymous_3)
FNDA:3,(anonymous_4)
FNDA:2,(anonymous_5)
FNDA:2,(anonymous_6)
FNDA:3,(anonymous_7)
FNDA:8,(anonymous_8)
FNDA:8,(anonymous_9)
FNDA:3,(anonymous_10)
DA:1,1
DA:2,1
DA:4,1
DA:7,1
DA:8,24
DA:11,3
DA:15,3
DA:16,1
DA:19,2
DA:53,3
DA:55,3
DA:56,3
DA:57,1
DA:60,3
DA:87,3
DA:99,2
DA:116,2
DA:117,1
DA:120,1
DA:124,2
DA:126,2
DA:146,2
DA:158,3
DA:162,3
DA:163,1
DA:166,2
DA:191,8
DA:192,8
DA:193,8
DA:194,8
DA:197,8
DA:200,8
DA:201,8
DA:203,8
DA:225,8
DA:226,8
DA:228,8
DA:229,120
DA:230,120
DA:231,120
DA:233,120
DA:242,8
DA:246,3
LF:43
LH:43
BRDA:15,0,0,1
BRDA:15,0,1,2
BRDA:53,1,0,1
BRDA:53,2,0,1
BRDA:56,3,0,1
BRDA:56,3,1,2
BRDA:116,4,0,1
BRDA:116,4,1,1
BRDA:123,5,0,0
BRDA:123,6,0,0
BRDA:162,7,0,1
BRDA:162,7,1,2
BRDA:193,8,0,8
BRDA:193,8,1,1
BRF:14
BRH:12
end_of_record
TN:
SF:src\freight\freight.service.ts
FN:105,(anonymous_2)
FN:107,(anonymous_3)
FN:111,(anonymous_4)
FN:113,(anonymous_5)
FN:116,(anonymous_6)
FN:164,(anonymous_7)
FN:177,(anonymous_8)
FN:227,(anonymous_9)
FN:244,(anonymous_10)
FNF:9
FNH:9
FNDA:21,(anonymous_2)
FNDA:3,(anonymous_3)
FNDA:13,(anonymous_4)
FNDA:325,(anonymous_5)
FNDA:326,(anonymous_6)
FNDA:11,(anonymous_7)
FNDA:4,(anonymous_8)
FNDA:2,(anonymous_9)
FNDA:3,(anonymous_10)
DA:1,2
DA:2,2
DA:3,2
DA:6,2
DA:7,21
DA:47,21
DA:54,21
DA:105,21
DA:108,3
DA:112,13
DA:113,325
DA:115,13
DA:116,326
DA:119,13
DA:120,2
DA:123,11
DA:124,11
DA:126,11
DA:127,11
DA:128,1
DA:131,11
DA:132,11
DA:134,11
DA:138,11
DA:140,11
DA:165,11
DA:166,7
DA:168,4
DA:169,4
DA:171,0
DA:172,0
DA:174,0
DA:178,4
DA:183,4
DA:184,1
DA:187,3
DA:191,3
DA:192,1
DA:195,2
DA:196,1
DA:199,1
DA:215,1
DA:216,1
DA:224,1
DA:228,2
DA:245,3
DA:249,3
DA:250,1
DA:253,2
DA:254,1
DA:257,1
DA:264,2
LF:52
LH:49
BRDA:119,0,0,2
BRDA:119,0,1,11
BRDA:119,1,0,13
BRDA:119,1,1,12
BRDA:127,2,0,1
BRDA:127,2,1,10
BRDA:127,3,0,11
BRDA:127,3,1,1
BRDA:131,4,0,11
BRDA:131,4,1,6
BRDA:153,5,0,1
BRDA:153,5,1,10
BRDA:158,6,0,1
BRDA:158,6,1,10
BRDA:165,7,0,7
BRDA:165,7,1,4
BRDA:168,8,0,4
BRDA:168,8,1,0
BRDA:168,9,0,4
BRDA:168,9,1,4
BRDA:171,10,0,0
BRDA:171,10,1,0
BRDA:171,11,0,0
BRDA:171,11,1,0
BRDA:183,12,0,1
BRDA:183,12,1,3
BRDA:183,13,0,4
BRDA:183,13,1,4
BRDA:191,14,0,1
BRDA:191,14,1,2
BRDA:195,15,0,1
BRDA:195,15,1,1
BRDA:249,16,0,1
BRDA:249,16,1,2
BRDA:253,17,0,1
BRDA:253,17,1,1
BRF:36
BRH:31
end_of_record
TN:
SF:src\maintenance\maintenance.service.ts
FN:13,(anonymous_2)
FN:15,(anonymous_3)
FN:38,(anonymous_4)
FN:45,(anonymous_5)
FN:66,(anonymous_6)
FN:91,(anonymous_7)
FN:98,(anonymous_8)
FN:119,(anonymous_9)
FN:164,(anonymous_10)
FN:174,(anonymous_11)
FN:238,(anonymous_12)
FN:254,(anonymous_13)
FN:277,(anonymous_14)
FN:311,(anonymous_15)
FNF:14
FNH:14
FNDA:36,(anonymous_2)
FNDA:3,(anonymous_3)
FNDA:2,(anonymous_4)
FNDA:3,(anonymous_5)
FNDA:3,(anonymous_6)
FNDA:2,(anonymous_7)
FNDA:2,(anonymous_8)
FNDA:4,(anonymous_9)
FNDA:2,(anonymous_10)
FNDA:5,(anonymous_11)
FNDA:1,(anonymous_12)
FNDA:2,(anonymous_13)
FNDA:2,(anonymous_14)
FNDA:5,(anonymous_15)
DA:1,1
DA:2,1
DA:12,1
DA:13,36
DA:16,3
DA:20,3
DA:21,1
DA:24,2
DA:25,1
DA:28,1
DA:39,2
DA:46,3
DA:51,3
DA:52,1
DA:55,2
DA:56,1
DA:59,1
DA:63,1
DA:67,3
DA:71,3
DA:72,1
DA:75,2
DA:76,1
DA:79,1
DA:92,2
DA:99,2
DA:104,2
DA:105,1
DA:108,1
DA:109,0
DA:112,1
DA:116,1
DA:120,4
DA:124,4
DA:125,1
DA:128,3
DA:139,3
DA:140,1
DA:143,2
DA:165,2
DA:175,5
DA:179,5
DA:180,1
DA:183,4
DA:194,4
DA:195,1
DA:198,3
DA:199,1
DA:202,2
DA:203,2
DA:204,2
DA:206,2
DA:207,1
DA:210,1
DA:239,1
DA:255,2
DA:278,2
DA:282,2
DA:283,1
DA:286,1
DA:312,5
DA:316,5
DA:317,1
DA:320,4
DA:324,4
DA:325,1
DA:328,3
DA:329,1
DA:335,2
DA:336,2
DA:337,2
DA:339,2
DA:340,2
DA:341,2
DA:343,2
LF:75
LH:74
BRDA:20,0,0,1
BRDA:20,0,1,2
BRDA:24,1,0,1
BRDA:24,1,1,1
BRDA:51,2,0,1
BRDA:51,2,1,2
BRDA:55,3,0,1
BRDA:55,3,1,1
BRDA:71,4,0,1
BRDA:71,4,1,2
BRDA:75,5,0,1
BRDA:75,5,1,1
BRDA:104,6,0,1
BRDA:104,6,1,1
BRDA:108,7,0,0
BRDA:108,7,1,1
BRDA:124,8,0,1
BRDA:124,8,1,3
BRDA:139,9,0,1
BRDA:139,9,1,2
BRDA:139,10,0,3
BRDA:139,10,1,2
BRDA:179,11,0,1
BRDA:179,11,1,4
BRDA:194,12,0,1
BRDA:194,12,1,3
BRDA:198,13,0,1
BRDA:198,13,1,2
BRDA:198,14,0,3
BRDA:198,14,1,2
BRDA:206,15,0,1
BRDA:206,15,1,1
BRDA:217,16,0,1
BRDA:217,16,1,0
BRDA:282,17,0,1
BRDA:282,17,1,1
BRDA:316,18,0,1
BRDA:316,18,1,4
BRDA:324,19,0,1
BRDA:324,19,1,3
BRDA:328,20,0,1
BRDA:328,20,1,2
BRDA:328,21,0,3
BRDA:328,21,1,2
BRDA:349,22,0,1
BRDA:349,22,1,1
BRDA:350,23,0,1
BRDA:350,23,1,1
BRF:48
BRH:46
end_of_record
TN:
SF:src\messaging\messaging.service.ts
FN:7,(anonymous_2)
FN:9,(anonymous_3)
FN:83,(anonymous_4)
FN:151,(anonymous_5)
FN:193,(anonymous_6)
FN:246,(anonymous_7)
FN:286,(anonymous_8)
FNF:7
FNH:0
FNDA:0,(anonymous_2)
FNDA:0,(anonymous_3)
FNDA:0,(anonymous_4)
FNDA:0,(anonymous_5)
FNDA:0,(anonymous_6)
FNDA:0,(anonymous_7)
FNDA:0,(anonymous_8)
DA:1,0
DA:2,0
DA:6,0
DA:7,0
DA:10,0
DA:11,0
DA:14,0
DA:18,0
DA:19,0
DA:22,0
DA:23,0
DA:27,0
DA:28,0
DA:31,0
DA:39,0
DA:40,0
DA:44,0
DA:80,0
DA:84,0
DA:86,0
DA:93,0
DA:140,0
DA:152,0
DA:182,0
DA:183,0
DA:186,0
DA:187,0
DA:190,0
DA:194,0
DA:198,0
DA:199,0
DA:202,0
DA:203,0
DA:206,0
DA:226,0
DA:235,0
DA:247,0
DA:251,0
DA:252,0
DA:255,0
DA:256,0
DA:259,0
DA:283,0
DA:287,0
DA:289,0
DA:291,0
DA:301,0
DA:302,0
DA:304,0
DA:311,0
DA:315,0
LF:51
LH:0
BRDA:10,0,0,0
BRDA:10,0,1,0
BRDA:18,1,0,0
BRDA:18,1,1,0
BRDA:22,2,0,0
BRDA:22,2,1,0
BRDA:27,3,0,0
BRDA:27,3,1,0
BRDA:39,4,0,0
BRDA:39,4,1,0
BRDA:84,5,0,0
BRDA:84,6,0,0
BRDA:182,7,0,0
BRDA:182,7,1,0
BRDA:186,8,0,0
BRDA:186,8,1,0
BRDA:186,9,0,0
BRDA:186,9,1,0
BRDA:193,10,0,0
BRDA:193,11,0,0
BRDA:198,12,0,0
BRDA:198,12,1,0
BRDA:202,13,0,0
BRDA:202,13,1,0
BRDA:202,14,0,0
BRDA:202,14,1,0
BRDA:251,15,0,0
BRDA:251,15,1,0
BRDA:255,16,0,0
BRDA:255,16,1,0
BRDA:255,17,0,0
BRDA:255,17,1,0
BRDA:289,18,0,0
BRDA:289,18,1,0
BRDA:301,19,0,0
BRDA:301,19,1,0
BRF:36
BRH:0
end_of_record
TN:
SF:src\orders\orders.service.ts
FN:12,(anonymous_2)
FN:19,(anonymous_3)
FN:25,(anonymous_4)
FN:41,(anonymous_5)
FN:53,(anonymous_6)
FN:94,(anonymous_7)
FN:144,(anonymous_8)
FN:192,(anonymous_9)
FN:226,(anonymous_10)
FN:261,(anonymous_11)
FN:307,(anonymous_12)
FN:359,(anonymous_13)
FNF:12
FNH:12
FNDA:27,(anonymous_2)
FNDA:5,(anonymous_3)
FNDA:7,(anonymous_4)
FNDA:9,(anonymous_5)
FNDA:9,(anonymous_6)
FNDA:5,(anonymous_7)
FNDA:4,(anonymous_8)
FNDA:3,(anonymous_9)
FNDA:2,(anonymous_10)
FNDA:2,(anonymous_11)
FNDA:6,(anonymous_12)
FNDA:3,(anonymous_13)
DA:1,1
DA:2,1
DA:4,1
DA:5,1
DA:6,1
DA:7,1
DA:8,1
DA:11,1
DA:13,27
DA:14,27
DA:15,27
DA:16,27
DA:20,5
DA:21,5
DA:22,5
DA:26,7
DA:31,7
DA:32,1
DA:36,6
DA:37,6
DA:39,6
DA:41,9
DA:46,6
DA:47,1
DA:50,5
DA:52,5
DA:53,9
DA:54,7
DA:56,7
DA:57,7
DA:59,7
DA:68,5
DA:69,5
DA:70,1
DA:71,1
DA:74,1
DA:81,5
DA:82,5
DA:84,3
DA:88,3
DA:89,3
DA:90,3
DA:94,5
DA:96,3
DA:98,0
DA:104,5
DA:106,5
DA:141,5
DA:145,4
DA:147,4
DA:148,4
DA:149,1
DA:152,4
DA:181,4
DA:193,3
DA:219,3
DA:220,1
DA:223,2
DA:227,2
DA:229,2
DA:250,2
DA:262,2
DA:267,2
DA:268,1
DA:271,1
DA:273,1
DA:296,1
DA:308,6
DA:313,6
DA:314,1
DA:317,5
DA:322,5
DA:323,5
DA:325,5
DA:326,1
DA:329,4
DA:331,2
DA:334,2
DA:335,1
DA:339,4
DA:360,3
DA:364,3
DA:365,1
DA:368,2
DA:373,2
DA:374,1
DA:377,1
DA:379,1
LF:88
LH:87
BRDA:31,0,0,1
BRDA:31,0,1,6
BRDA:46,1,0,1
BRDA:46,1,1,5
BRDA:54,2,0,0
BRDA:54,2,1,7
BRDA:69,3,0,1
BRDA:69,3,1,4
BRDA:82,4,0,3
BRDA:82,4,1,2
BRDA:82,5,0,5
BRDA:82,5,1,3
BRDA:88,6,0,3
BRDA:88,6,1,0
BRDA:110,7,0,5
BRDA:110,7,1,0
BRDA:112,8,0,5
BRDA:112,8,1,4
BRDA:145,9,0,2
BRDA:145,10,0,2
BRDA:148,11,0,1
BRDA:148,11,1,3
BRDA:219,12,0,1
BRDA:219,12,1,2
BRDA:226,13,0,0
BRDA:226,14,0,0
BRDA:261,15,0,2
BRDA:261,16,0,2
BRDA:267,17,0,1
BRDA:267,17,1,1
BRDA:267,18,0,2
BRDA:267,18,1,2
BRDA:313,19,0,1
BRDA:313,19,1,5
BRDA:325,20,0,1
BRDA:325,20,1,4
BRDA:325,21,0,5
BRDA:325,21,1,4
BRDA:329,22,0,2
BRDA:329,22,1,2
BRDA:329,23,0,4
BRDA:329,23,1,2
BRDA:334,24,0,1
BRDA:334,24,1,1
BRDA:334,25,0,2
BRDA:334,25,1,1
BRDA:364,26,0,1
BRDA:364,26,1,2
BRDA:373,27,0,1
BRDA:373,27,1,1
BRF:50
BRH:45
end_of_record
TN:
SF:src\payments\payments.service.ts
FN:16,(anonymous_2)
FN:21,(anonymous_3)
FN:65,(anonymous_4)
FN:99,(anonymous_5)
FN:140,(anonymous_6)
FN:190,(anonymous_7)
FN:200,(anonymous_8)
FN:210,(anonymous_9)
FN:231,(anonymous_10)
FN:254,(anonymous_11)
FN:274,(anonymous_12)
FN:280,(anonymous_13)
FNF:12
FNH:11
FNDA:20,(anonymous_2)
FNDA:6,(anonymous_3)
FNDA:3,(anonymous_4)
FNDA:2,(anonymous_5)
FNDA:4,(anonymous_6)
FNDA:4,(anonymous_7)
FNDA:0,(anonymous_8)
FNDA:3,(anonymous_9)
FNDA:3,(anonymous_10)
FNDA:3,(anonymous_11)
FNDA:1,(anonymous_12)
FNDA:1,(anonymous_13)
DA:1,2
DA:2,2
DA:3,2
DA:6,2
DA:15,2
DA:17,20
DA:18,20
DA:22,6
DA:23,6
DA:25,6
DA:29,6
DA:30,1
DA:36,5
DA:37,3
DA:38,2
DA:39,2
DA:41,2
DA:42,1
DA:43,1
DA:46,3
DA:57,3
DA:66,3
DA:67,3
DA:68,1
DA:71,2
DA:91,2
DA:92,2
DA:93,0
DA:96,2
DA:100,2
DA:101,2
DA:102,1
DA:105,1
DA:107,1
DA:132,1
DA:133,1
DA:134,0
DA:137,1
DA:141,4
DA:142,4
DA:144,4
DA:147,4
DA:148,4
DA:149,4
DA:150,4
DA:152,0
DA:153,0
DA:154,0
DA:157,4
DA:158,1
DA:161,3
DA:165,3
DA:166,1
DA:169,2
DA:178,2
DA:183,2
DA:184,1
DA:187,2
DA:191,4
DA:192,4
DA:197,4
DA:201,0
DA:202,0
DA:207,0
DA:211,3
DA:216,3
DA:217,1
DA:220,2
DA:232,3
DA:236,3
DA:237,1
DA:240,2
DA:241,1
DA:244,1
DA:255,3
DA:256,2
DA:257,2
DA:259,2
DA:260,1
DA:262,1
DA:263,1
DA:264,1
DA:266,1
DA:267,1
DA:271,3
DA:275,1
DA:281,1
LF:87
LH:79
BRDA:29,0,0,1
BRDA:29,0,1,5
BRDA:36,1,0,3
BRDA:36,1,1,2
BRDA:67,2,0,1
BRDA:67,2,1,2
BRDA:67,3,0,3
BRDA:67,3,1,2
BRDA:92,4,0,0
BRDA:92,4,1,2
BRDA:93,5,0,0
BRDA:93,5,1,0
BRDA:101,6,0,1
BRDA:101,6,1,1
BRDA:101,7,0,2
BRDA:101,7,1,1
BRDA:133,8,0,0
BRDA:133,8,1,1
BRDA:134,9,0,0
BRDA:134,9,1,0
BRDA:147,10,0,4
BRDA:147,10,1,0
BRDA:157,11,0,1
BRDA:157,11,1,3
BRDA:165,12,0,1
BRDA:165,12,1,2
BRDA:183,13,0,1
BRDA:183,13,1,1
BRDA:216,14,0,1
BRDA:216,14,1,2
BRDA:236,15,0,1
BRDA:236,15,1,2
BRDA:240,16,0,1
BRDA:240,16,1,1
BRDA:255,17,0,2
BRDA:255,17,1,1
BRDA:259,18,0,1
BRDA:259,18,1,1
BRDA:262,19,0,1
BRDA:262,19,1,0
BRDA:266,20,0,1
BRDA:266,20,1,0
BRF:42
BRH:33
end_of_record
TN:
SF:src\prisma\prisma.service.ts
FN:6,(anonymous_1)
FN:10,(anonymous_2)
FNF:2
FNH:0
FNDA:0,(anonymous_1)
FNDA:0,(anonymous_2)
DA:1,13
DA:2,13
DA:5,13
DA:7,0
DA:11,0
LF:5
LH:3
BRF:0
BRH:0
end_of_record
TN:
SF:src\products\products.service.ts
FN:8,(anonymous_2)
FN:10,(anonymous_3)
FN:58,(anonymous_4)
FN:122,(anonymous_5)
FN:157,(anonymous_6)
FN:192,(anonymous_7)
FN:221,(anonymous_8)
FN:241,(anonymous_9)
FN:274,(anonymous_10)
FNF:9
FNH:9
FNDA:24,(anonymous_2)
FNDA:3,(anonymous_3)
FNDA:8,(anonymous_4)
FNDA:2,(anonymous_5)
FNDA:2,(anonymous_6)
FNDA:3,(anonymous_7)
FNDA:3,(anonymous_8)
FNDA:2,(anonymous_9)
FNDA:1,(anonymous_10)
DA:1,1
DA:2,1
DA:7,1
DA:8,24
DA:11,3
DA:16,3
DA:17,1
DA:20,2
DA:59,8
DA:61,8
DA:63,8
DA:64,1
DA:70,8
DA:71,1
DA:74,8
DA:75,1
DA:78,8
DA:79,1
DA:80,1
DA:81,1
DA:84,8
DA:85,1
DA:86,1
DA:87,1
DA:90,8
DA:111,8
DA:123,2
DA:150,2
DA:151,1
DA:154,1
DA:158,2
DA:185,2
DA:186,1
DA:189,1
DA:193,3
DA:197,3
DA:198,1
DA:201,2
DA:202,1
DA:205,1
DA:222,3
DA:226,3
DA:227,1
DA:230,2
DA:231,1
DA:234,1
DA:238,1
DA:242,2
DA:244,2
DA:263,2
DA:275,1
LF:51
LH:51
BRDA:16,0,0,1
BRDA:16,0,1,2
BRDA:16,1,0,3
BRDA:16,1,1,3
BRDA:29,2,0,2
BRDA:29,2,1,1
BRDA:30,3,0,2
BRDA:30,3,1,1
BRDA:31,4,0,2
BRDA:31,4,1,2
BRDA:32,5,0,2
BRDA:32,5,1,2
BRDA:59,6,0,6
BRDA:59,7,0,6
BRDA:63,8,0,1
BRDA:63,8,1,7
BRDA:70,9,0,1
BRDA:70,9,1,7
BRDA:74,10,0,1
BRDA:74,10,1,7
BRDA:78,11,0,1
BRDA:78,11,1,7
BRDA:78,12,0,8
BRDA:78,12,1,7
BRDA:80,13,0,1
BRDA:80,13,1,0
BRDA:81,14,0,1
BRDA:81,14,1,0
BRDA:84,15,0,1
BRDA:84,15,1,7
BRDA:84,16,0,8
BRDA:84,16,1,7
BRDA:86,17,0,1
BRDA:86,17,1,0
BRDA:87,18,0,1
BRDA:87,18,1,0
BRDA:150,19,0,1
BRDA:150,19,1,1
BRDA:185,20,0,1
BRDA:185,20,1,1
BRDA:197,21,0,1
BRDA:197,21,1,2
BRDA:201,22,0,1
BRDA:201,22,1,1
BRDA:226,23,0,1
BRDA:226,23,1,2
BRDA:230,24,0,1
BRDA:230,24,1,1
BRDA:241,25,0,1
BRDA:241,26,0,1
BRF:50
BRH:46
end_of_record
TN:
SF:src\promotions\promotions.service.ts
FN:6,(anonymous_2)
FN:10,(anonymous_3)
FN:16,(anonymous_4)
FN:22,(anonymous_5)
FN:49,(anonymous_6)
FN:69,(anonymous_7)
FN:76,(anonymous_8)
FN:104,(anonymous_9)
FN:111,(anonymous_10)
FN:118,(anonymous_11)
FN:122,(anonymous_12)
FN:129,(anonymous_13)
FN:136,(anonymous_14)
FN:158,(anonymous_15)
FN:172,(anonymous_16)
FN:179,(anonymous_17)
FN:183,(anonymous_18)
FN:189,(anonymous_19)
FN:215,(anonymous_20)
FN:233,(anonymous_21)
FN:242,(anonymous_22)
FN:249,(anonymous_23)
FN:261,(anonymous_24)
FN:271,(anonymous_25)
FN:285,(anonymous_26)
FN:292,(anonymous_27)
FNF:26
FNH:0
FNDA:0,(anonymous_2)
FNDA:0,(anonymous_3)
FNDA:0,(anonymous_4)
FNDA:0,(anonymous_5)
FNDA:0,(anonymous_6)
FNDA:0,(anonymous_7)
FNDA:0,(anonymous_8)
FNDA:0,(anonymous_9)
FNDA:0,(anonymous_10)
FNDA:0,(anonymous_11)
FNDA:0,(anonymous_12)
FNDA:0,(anonymous_13)
FNDA:0,(anonymous_14)
FNDA:0,(anonymous_15)
FNDA:0,(anonymous_16)
FNDA:0,(anonymous_17)
FNDA:0,(anonymous_18)
FNDA:0,(anonymous_19)
FNDA:0,(anonymous_20)
FNDA:0,(anonymous_21)
FNDA:0,(anonymous_22)
FNDA:0,(anonymous_23)
FNDA:0,(anonymous_24)
FNDA:0,(anonymous_25)
FNDA:0,(anonymous_26)
FNDA:0,(anonymous_27)
DA:1,1
DA:2,1
DA:5,1
DA:6,0
DA:11,0
DA:17,0
DA:18,0
DA:19,0
DA:32,0
DA:33,0
DA:35,0
DA:60,0
DA:61,0
DA:63,0
DA:70,0
DA:71,0
DA:73,0
DA:77,0
DA:79,0
DA:80,0
DA:81,0
DA:82,0
DA:83,0
DA:84,0
DA:86,0
DA:87,0
DA:88,0
DA:90,0
DA:93,0
DA:105,0
DA:112,0
DA:119,0
DA:123,0
DA:124,0
DA:126,0
DA:130,0
DA:131,0
DA:133,0
DA:137,0
DA:138,0
DA:140,0
DA:141,0
DA:143,0
DA:144,0
DA:145,0
DA:147,0
DA:159,0
DA:160,0
DA:173,0
DA:180,0
DA:184,0
DA:185,0
DA:186,0
DA:200,0
DA:227,0
DA:228,0
DA:230,0
DA:234,0
DA:235,0
DA:237,0
DA:243,0
DA:250,0
DA:251,0
DA:268,0
DA:279,0
DA:280,0
DA:282,0
DA:286,0
DA:287,0
DA:289,0
DA:293,0
DA:294,0
LF:72
LH:3
BRDA:18,0,0,0
BRDA:18,0,1,0
BRDA:33,1,0,0
BRDA:33,1,1,0
BRDA:61,2,0,0
BRDA:61,2,1,0
BRDA:71,3,0,0
BRDA:71,3,1,0
BRDA:79,4,0,0
BRDA:79,4,1,0
BRDA:80,5,0,0
BRDA:80,5,1,0
BRDA:81,6,0,0
BRDA:81,6,1,0
BRDA:81,7,0,0
BRDA:81,7,1,0
BRDA:82,8,0,0
BRDA:82,8,1,0
BRDA:82,9,0,0
BRDA:82,9,1,0
BRDA:83,10,0,0
BRDA:83,10,1,0
BRDA:83,11,0,0
BRDA:83,11,1,0
BRDA:84,12,0,0
BRDA:84,12,1,0
BRDA:84,13,0,0
BRDA:84,13,1,0
BRDA:87,14,0,0
BRDA:87,14,1,0
BRDA:124,15,0,0
BRDA:124,15,1,0
BRDA:131,16,0,0
BRDA:131,16,1,0
BRDA:138,17,0,0
BRDA:138,17,1,0
BRDA:141,18,0,0
BRDA:141,18,1,0
BRDA:185,19,0,0
BRDA:185,19,1,0
BRDA:207,20,0,0
BRDA:207,20,1,0
BRDA:210,21,0,0
BRDA:210,21,1,0
BRDA:228,22,0,0
BRDA:228,22,1,0
BRDA:235,23,0,0
BRDA:235,23,1,0
BRDA:280,24,0,0
BRDA:280,24,1,0
BRDA:287,25,0,0
BRDA:287,25,1,0
BRF:52
BRH:0
end_of_record
TN:
SF:src\rfq\rfq.service.ts
FN:8,(anonymous_2)
FN:10,(anonymous_3)
FN:16,(anonymous_4)
FN:66,(anonymous_5)
FN:108,(anonymous_6)
FN:149,(anonymous_7)
FN:181,(anonymous_8)
FN:201,(anonymous_9)
FN:231,(anonymous_10)
FN:268,(anonymous_11)
FN:311,(anonymous_12)
FNF:11
FNH:11
FNDA:31,(anonymous_2)
FNDA:4,(anonymous_3)
FNDA:5,(anonymous_4)
FNDA:4,(anonymous_5)
FNDA:3,(anonymous_6)
FNDA:4,(anonymous_7)
FNDA:3,(anonymous_8)
FNDA:2,(anonymous_9)
FNDA:2,(anonymous_10)
FNDA:5,(anonymous_11)
FNDA:3,(anonymous_12)
DA:1,1
DA:2,1
DA:4,1
DA:7,1
DA:8,31
DA:11,4
DA:12,4
DA:13,4
DA:17,5
DA:18,2
DA:21,2
DA:22,1
DA:26,4
DA:67,4
DA:69,4
DA:70,4
DA:71,1
DA:74,4
DA:97,4
DA:109,3
DA:142,3
DA:143,1
DA:146,2
DA:150,4
DA:154,4
DA:155,1
DA:158,3
DA:159,1
DA:162,2
DA:182,3
DA:186,3
DA:187,1
DA:190,2
DA:191,1
DA:194,1
DA:198,1
DA:202,2
DA:204,2
DA:220,2
DA:232,2
DA:234,2
DA:257,2
DA:269,5
DA:274,5
DA:275,2
DA:278,3
DA:282,3
DA:283,1
DA:286,2
DA:287,1
DA:290,1
DA:312,3
DA:317,3
DA:318,1
DA:321,2
DA:322,1
DA:325,1
DA:336,1
LF:58
LH:58
BRDA:17,0,0,2
BRDA:17,0,1,3
BRDA:21,1,0,1
BRDA:21,1,1,1
BRDA:33,2,0,4
BRDA:33,2,1,2
BRDA:35,3,0,2
BRDA:35,3,1,2
BRDA:67,4,0,2
BRDA:67,5,0,2
BRDA:70,6,0,1
BRDA:70,6,1,3
BRDA:142,7,0,1
BRDA:142,7,1,2
BRDA:154,8,0,1
BRDA:154,8,1,3
BRDA:158,9,0,1
BRDA:158,9,1,2
BRDA:166,10,0,1
BRDA:166,10,1,1
BRDA:186,11,0,1
BRDA:186,11,1,2
BRDA:190,12,0,1
BRDA:190,12,1,1
BRDA:201,13,0,0
BRDA:201,14,0,0
BRDA:231,15,0,1
BRDA:231,16,0,1
BRDA:274,17,0,2
BRDA:274,17,1,3
BRDA:274,18,0,5
BRDA:274,18,1,5
BRDA:274,18,2,4
BRDA:282,19,0,1
BRDA:282,19,1,2
BRDA:286,20,0,1
BRDA:286,20,1,1
BRDA:317,21,0,1
BRDA:317,21,1,2
BRDA:321,22,0,1
BRDA:321,22,1,1
BRF:41
BRH:39
end_of_record
TN:
SF:src\settings\settings.service.ts
FN:12,(anonymous_2)
FN:14,(anonymous_3)
FN:46,(anonymous_4)
FN:102,(anonymous_5)
FNF:4
FNH:0
FNDA:0,(anonymous_2)
FNDA:0,(anonymous_3)
FNDA:0,(anonymous_4)
FNDA:0,(anonymous_5)
DA:1,2
DA:2,2
DA:5,2
DA:11,2
DA:12,0
DA:15,0
DA:17,0
DA:18,0
DA:27,0
DA:28,0
DA:29,0
DA:31,0
DA:47,0
DA:49,0
DA:51,0
DA:52,0
DA:55,0
DA:56,0
DA:59,0
DA:60,0
DA:63,0
DA:64,0
DA:67,0
DA:68,0
DA:76,0
DA:77,0
DA:85,0
DA:86,0
DA:91,0
DA:103,0
DA:104,0
LF:31
LH:4
BRDA:17,0,0,0
BRDA:17,0,1,0
BRDA:33,1,0,0
BRDA:33,1,1,0
BRDA:35,2,0,0
BRDA:35,2,1,0
BRDA:36,3,0,0
BRDA:36,3,1,0
BRDA:38,4,0,0
BRDA:38,4,1,0
BRDA:40,5,0,0
BRDA:40,5,1,0
BRDA:41,6,0,0
BRDA:41,6,1,0
BRDA:51,7,0,0
BRDA:51,7,1,0
BRDA:55,8,0,0
BRDA:55,8,1,0
BRDA:59,9,0,0
BRDA:59,9,1,0
BRDA:63,10,0,0
BRDA:63,10,1,0
BRDA:67,11,0,0
BRDA:67,11,1,0
BRDA:76,12,0,0
BRDA:76,12,1,0
BRDA:85,13,0,0
BRDA:85,13,1,0
BRDA:93,14,0,0
BRDA:93,14,1,0
BRDA:94,15,0,0
BRDA:94,15,1,0
BRDA:95,16,0,0
BRDA:95,16,1,0
BRF:34
BRH:0
end_of_record
TN:
SF:src\support\support.service.ts
FN:6,(anonymous_2)
FN:8,(anonymous_3)
FN:14,(anonymous_4)
FN:44,(anonymous_5)
FN:81,(anonymous_6)
FN:120,(anonymous_7)
FN:165,(anonymous_8)
FN:222,(anonymous_9)
FN:235,(anonymous_10)
FN:242,(anonymous_11)
FNF:10
FNH:0
FNDA:0,(anonymous_2)
FNDA:0,(anonymous_3)
FNDA:0,(anonymous_4)
FNDA:0,(anonymous_5)
FNDA:0,(anonymous_6)
FNDA:0,(anonymous_7)
FNDA:0,(anonymous_8)
FNDA:0,(anonymous_9)
FNDA:0,(anonymous_10)
FNDA:0,(anonymous_11)
DA:1,0
DA:2,0
DA:5,0
DA:6,0
DA:9,0
DA:10,0
DA:11,0
DA:20,0
DA:41,0
DA:49,0
DA:50,0
DA:52,0
DA:53,0
DA:55,0
DA:70,0
DA:82,0
DA:109,0
DA:110,0
DA:113,0
DA:114,0
DA:117,0
DA:121,0
DA:125,0
DA:126,0
DA:129,0
DA:130,0
DA:133,0
DA:135,0
DA:154,0
DA:155,0
DA:161,0
DA:173,0
DA:174,0
DA:176,0
DA:177,0
DA:178,0
DA:179,0
DA:180,0
DA:181,0
DA:188,0
DA:211,0
DA:223,0
DA:225,0
DA:226,0
DA:229,0
DA:236,0
DA:243,0
DA:251,0
LF:48
LH:0
BRDA:27,0,0,0
BRDA:27,0,1,0
BRDA:49,1,0,0
BRDA:49,2,0,0
BRDA:53,3,0,0
BRDA:53,3,1,0
BRDA:109,4,0,0
BRDA:109,4,1,0
BRDA:113,5,0,0
BRDA:113,5,1,0
BRDA:113,6,0,0
BRDA:113,6,1,0
BRDA:125,7,0,0
BRDA:125,7,1,0
BRDA:129,8,0,0
BRDA:129,8,1,0
BRDA:129,9,0,0
BRDA:129,9,1,0
BRDA:154,10,0,0
BRDA:154,10,1,0
BRDA:173,11,0,0
BRDA:173,12,0,0
BRDA:177,13,0,0
BRDA:177,13,1,0
BRDA:178,14,0,0
BRDA:178,14,1,0
BRDA:179,15,0,0
BRDA:179,15,1,0
BRDA:180,16,0,0
BRDA:180,16,1,0
BRDA:225,17,0,0
BRDA:225,17,1,0
BRF:32
BRH:0
end_of_record
TN:
SF:src\users\users.service.ts
FN:8,(anonymous_2)
FN:10,(anonymous_3)
FN:31,(anonymous_4)
FN:66,(anonymous_5)
FN:91,(anonymous_6)
FN:95,(anonymous_7)
FNF:6
FNH:6
FNDA:15,(anonymous_2)
FNDA:4,(anonymous_3)
FNDA:3,(anonymous_4)
FNDA:4,(anonymous_5)
FNDA:1,(anonymous_6)
FNDA:4,(anonymous_7)
DA:1,1
DA:2,1
DA:4,1
DA:7,1
DA:8,15
DA:11,4
DA:23,4
DA:24,1
DA:27,3
DA:28,3
DA:32,3
DA:36,3
DA:37,1
DA:40,2
DA:62,2
DA:63,2
DA:67,4
DA:71,4
DA:72,1
DA:75,3
DA:77,3
DA:78,1
DA:81,2
DA:83,2
DA:88,2
DA:92,1
DA:96,4
DA:101,4
DA:102,1
DA:105,3
LF:30
LH:30
BRDA:23,0,0,1
BRDA:23,0,1,3
BRDA:36,1,0,1
BRDA:36,1,1,2
BRDA:71,2,0,1
BRDA:71,2,1,3
BRDA:77,3,0,1
BRDA:77,3,1,2
BRDA:101,4,0,1
BRDA:101,4,1,3
BRDA:101,5,0,4
BRDA:101,5,1,4
BRDA:120,6,0,1
BRDA:120,6,1,2
BRF:14
BRH:14
end_of_record
